[    00000 Iniializing grp subss ust
[    00000] nialzincgup ssycpu   0000] Iniiazing cgroup subsys cpuacct
[    0.000000] Linux version 4.4.0-121-generic (buildd@lc01am64-004 (cc versin 4.0 2016069 buntu .40-ubuntu~1049) )#1-UuntuSMFr Apr 3 :47:23 UTC 2018 (Ubunu 4.121.14-gerc 4.4.1)[    00000 Coanline: OOIMGE=/bo/vmlinuz-4.4.0-121-generic root=LABEL=cloudimg-rootfs ro console=tty1 console=ttyS0
    0.00000] KERNEL supported cpus:
[   00000] Itel GeuiInel
[   00000] AD AuthentcAMD
   000000]  ntaur CentrHuls   0.00000x8/fpuxste_offet]:  57, xstate_sizes[2]:  256
[    0.000000] x86/fpu: Supporting XSAVE feature 0x01: 'x87 floating point registers'
[    0.000000] x86/fpu: Supporti XSAVE fate 0x02 'SEegistes'
[  0000] 6/fp: pprting SAVEfeture0x: AVX egsts'
    0.00000]x8fpu:naled stte feaur 0x7, onxt siz i 82 ytes, using 'standard' format.
[    0.000000]x8fp: UnglazyFPcontt itches
[   0.000] 820:BI-povidd yscal RAM map
  0.00000]IO-e20[mm 0x000000000000x00000009fbf] abe
[   0.000] BOSe820: [mem 000000000c0-0x000000009ff reserved
[   000000BI-e82: em0x0000000f000-00000000ffff rered
    0.000000 BS-e820 [m 0x00000000000000x00000fefff] usale
   000000] BOSe80: [memx0000000bfff0000-0x00000000ffffff ACPI data
[    0.000000] BIOS-e820:[m 000000000fec00-0x00000ec00fff] reserved
[    0.000000] BIOS-e820: [me0x000000ee000-0x000000ee0fff]rervd
[  0000000]IO-e82: em0x000000ffc00000x000000ffff] reseved
[    0.0000] NX Exut Disleprotectin:ctiv
[    0.000000] SMBIOS 2.5 present.
[    0.000000] Hypervisor detected: KVM
[    0.000000] e820: last_pfn = 0xbfff0 max_arch_pfn = 0x400000000
[    0.000000] MTRR: Disabled
[    0.00000] 86/P: TRs isable, kipingPAintializion too.
[    0.00000]CP MRsalllak - viuazed syem
[    0.000000] x86/PAT: Configuration [0-7]: WB  WT  UC- UC  WB  T C-UC  
[   .00000fond SP P-ble at[m 0x000ffff00x09fff]apd at[ff8000009fff0
[    0.000000] Scanning 1 areas for low memory corruption
[  0.0000] AMSK: [mm 36ba000-x3554fff]
[    0.000000] ACPI: Early tbl checsuverificaio dable
   0.0000ACPI: SD0x000000000E000 004 v02 BO )
[    0.000] ACPI XT x00000BFF003 003 (1 OX  VBXXT 000000ASL  00061
  0.0000 AI: FACP 0x00000000BFFF000F0 004 (v4 VBOX  VBOXFACP 000000ASL 00001)
  0.00000]ACI: DSDT 000000BFFF47001FF (v02 VOX VBOXBS 000002IN 2100528
[   0.0000]CPI: FCSx0000000FF020 000
[   0.00000] ACPI: CS0x000000BFFF0200 000
[  000000] ACPI: IC0x000000BF020 00005Cv0VBOX   VBOXAPIC 00000001 ASL  0000001)
[    0.000000] ACPI: SSDT 0x00000000BFFF0A0 001 (01 VB  BOXCPUT000002 INTL 20100528)
[    00000 No UM cnfiguratio fnd
   000000] Fki a node at [mem 0x000000000000-000000bffff
[    0.000000] NODE_DATA(0) allocated [mem 0xbffeb000-0xbffeffff]
[    0.000000] kvm-clock: Using msrs 4b564d01 and 4b564d00
[    0.000000] kvm-clock: cpu 0, msr 0:bffe3001, primary cpu clock
[    0.000000] kvm-clock: using sched offset of 6163358576 cycles
[    0.000000] clocksource: kvm-clock: mask: 0xffffffffffffffff max_cycles: 0x1cd42e4dffb, max_idle_ns: 881590591483 ns
[    0.000000] Zone ranges:
[    0.000000]   DMA      [mem 0x0000000000001000-0x0000000000ffffff]
[    0.000000]   DMA32    [mem 0x0000000001000000-0x00000000bffeffff]
[    0.000000]   Normal   empty
[    0.000000]  evic  mpy[   0.000] Mvablzone start for each node
[    0.000000] Early memory node ranges
[    .000000  noe   : em 0x000000000000x00000000efff
   00000  node   0 [em0x0000000000100000-0x00000000bffeffff]
[   0000 Itmemseupode [m 0x0000000010-x00000bffeff]
[  0000000] ACI:PM-meIO Prt 0x4008
[   0.00000 IOAPIC[0]: apic_id 2, version 32, address 0xfec0000GS 03[   0.0000] CP IT_SR_O (bus  b_iq 0 glalrq  2 d d)
[   0.0000 AI:INT_SR_O (us 0 bus_irq 9 global_irq 9 low level)

[   00000] UsngCPI AD forSM conigurioinformaon
[  0.0000 sboot Alloing 2 CPUs, 0 hotplug CPUs    0.000]PM: giterenove mor [me 0000000x00000fff
[    .000] P: gitered ose emory: [emx009f00-009fff
[    00000 PM:Restred sae memoy:mem 0x000a0000-0x000eff
    .000] PM:Restered osve memory: [mem 0x000f0000-0x000fffff]
[    0.000]e820: me0xc0000-xffff] avalae or PCIdeces[  0.000] ootig arirtulid kernel  KM
[  00000 ccksorc rfined-ifes mas: xffffff maxyces: xfffff, max_idle_ns: 7645519602158 ns
[    0.00000] etup_prc: NR_CPUS:12r_pumsk_bits:512 nr_cpu_ids:2 nr_node_ids:1
[    0.000000] PERCPU: Embedded 34 pages/cpu @ff8800bfa000 s544 r812 158 u14876
[    0.000]PV qsinlckash talentri: 6 (order: 0, 4096 bytes)
[  000000] ui 1zonelists i Ne orde, biity grouping n. Ttal pages: 774008
[    0.000000] Poliy zone: DMA32
[   000000] rn comanlie: BT_MAGE/bot/vmlinuz-4.4.0-121-geerc rooLAL=cludg-ootf r csole=ty1 cnsle=ttyS
  0.00000] PIDhah taleenies: 46 orde 332768 yts)
[   0.000000] Memory: 30662K3145272 aaiabe (32Kernecode, 1313K rwdata, 3996K rodata, 1508K init, 1316K bss, 79220K reserved, 0K cma-reserved)
[    0.000000] SLUB: HWalign=64, Order=0-3, MinObjets0, CUs, odes=1
[  0.0000 Krnel/erpae bls olatio eable
   0.000] Hirarchial RU plmentatn.
[  000000 	ild-ti austmntf eaf ant o 64.[   0.000] 	CUesricinCPs frm _CUS=5 tnr_c_i=2.[  0.0000] CU: Adjstng geotry for rcufautleaf64 n_cpuid2
[  .00000NRRQS:3324r_irqs:40 
    0000] Cool colr A+ 825
[   0.000] cso [tt1]naled   0.00000consol [yS] enle
[    0.000000] tsc: Detected 2904.000 MHz processor
[   19.904237] Calibrating delay loop (skipped) preset value.. 5808.00 BogoMIPS (lpj=11616000)
[   20.069879] pid_max: default: 32768 minimum: 301
[   20.164294] ACPI: Core revision 20150933
[   20.253672] ACPI: 2 ACPI AML tables successfully acquired and loaded
[   20.386831] Security Framework initialized
[   20.417233] Yama: becoming mindful.
[   20.458637] AppArmor: AppArmor initialized
[   20.554036] Dentry cache hash table entries: 524288 (order: 10, 4194304 bytes)
[   20.676077] Inode-cache hash table entries: 262144 (order: 9, 2097152 bytes)
[   20.846400] Mount-cache hash table entries: 8192 (order: 4, 65536 bytes)
[   20.982591] Mountpoint-cache hash table entries: 8192 (order: 4, 65536 bytes)
[   21.101994] Initializing cgroup subsys io
[   21.152155] Initializing cgroup subsys memory
[   21.204277] Initializing cgroup subsys devices
[   21.298272] Initializing cgroup subsys freezer
[   21.343831] Initializing cgroup subsys net_cls
[   21.368309] Initializing cgroup subsys perf_event
[   21.388572] Initializing cgroup subsys net_prio
[   21.413583] Initializing cgroup subsys hugetlb
[   21.453583] Initializing cgroup subsys pids
[   21.455037] CPU: Physical Processor ID: 0
[   21.488398] CPU: Processor Core ID: 0
[   21.543472] FEATURE SPEC_CTRL Not Present
[   21.557099] mce: CPU supports 0 MCE banks
[   21.566848] Last level iTLB entries: 4KB 64, 2MB 8, 4MB 8
[   21.569771] Last level dTLB entries: 4KB 64, 2MB 0, 4MB 0, 1GB 4
[   21.588144] Spectre V2 mitigation: Mitigation: Full generic retpoline
[   21.640571] Spectre V2 mitigation: Speculation control IBPB not-supported IBRS not-supported
[   21.672741] Spectre V2 mitigation: Filling RSB on context switch
[   21.771855] Freeing SMP alternatives memory: 32K
[   21.780940] ftrace: allocating 32202 entries in 126 pages
[   21.902377] smpboot: APIC(0) Converting physical 0 to logical package 0
[   21.950381] smpboot: Max logical packages: 1
[   21.952078] x2apic enabled
[   21.953312] Switched APIC routing to physical x2apic.
[   21.956076] ..TIMER: vector=0x30 apic1=0 pin1=2 apic2=-1 pin2=-1
[   22.071928] smpboot: CPU0: Intel(R) Core(TM) i5-6267U CPU @ 2.90GHz (family: 0x6, model: 0x4e, stepping: 0x3)
[   22.225336] Performance Events: unsupported p6 CPU model 78 no PMU driver, software events only.
[   22.293796] KVM setup paravirtual spinlock
[   22.295835] x86: Booting SMP configuration:
[   22.376608] .... node  #0, CPUs:      #1
[   22.460883] kvm-clock: cpu 1, msr 0:bffe3041, secondary cpu clock
[   22.463609] mce: CPU supports 0 MCE banks
[   22.466662] x86: Booted up 1 node, 2 CPUs
[   22.542157] smpboot: Total of 2 processors activated (11616.00 BogoMIPS)
[   22.687043] devtmpfs: initialized
[   22.744323] evm: security.selinux
[   22.790808] evm: security.SMACK64
[   22.851362] evm: security.SMACK64EXEC
[   22.913613] evm: security.SMACK64TRANSMUTE
[   22.933902] evm: security.SMACK64MMAP
[   22.965305] evm: security.ima
[   22.995746] evm: security.capability
[   23.036855] clocksource: jiffies: mask: 0xffffffff max_cycles: 0xffffffff, max_idle_ns: 7645041785100000 ns
[   23.155972] futex hash table entries: 512 (order: 3, 32768 bytes)
[   23.217006] pinctrl core: initialized pinctrl subsystem
[   23.267554] RTC time: 10:19:43, date: 05/01/18
[   23.331867] NET: Registered protocol family 16
[   23.410469] cpuidle: using governor ladder
[   23.458359] cpuidle: using governor menu
[   23.491086] PCCT header not found.
[   23.545916] ACPI: bus type PCI registered
[   23.611954] acpiphp: ACPI Hot Plug PCI Controller Driver version: 0.5
[   23.668067] PCI: Using configuration type 1 for base access
[   23.751664] ACPI: Added _OSI(Module Device)
[   23.776279] ACPI: Added _OSI(Processor Device)
[   23.847757] ACPI: Added _OSI(3.0 _SCP Extensions)
[   23.867320] ACPI: Added _OSI(Processor Aggregator Device)
[   23.889152] ACPI: Executed 1 blocks of module-level executable AML code
[   23.941494] ACPI: Interpreter enabled
[   23.962638] ACPI: (supports S0 S5)
[   24.003827] ACPI: Using IOAPIC for interrupt routing
[   24.015702] PCI: Using host bridge windows from ACPI; if necessary, use "pci=nocrs" and report a bug
[   24.056093] ACPI: PCI Root Bridge [PCI0] (domain 0000 [bus 00-ff])
[   24.100012] acpi PNP0A03:00: _OSC: OS supports [ASPM ClockPM Segments MSI]
[   24.173057] acpi PNP0A03:00: _OSC: not requesting OS control; OS requires [ExtendedConfig ASPM ClockPM MSI]
[   24.241103] acpi PNP0A03:00: fail to add MMCONFIG information, can't access extended PCI configuration space under this bridge.
[   24.329098] PCI host bridge to bus 0000:00
[   24.370681] pci_bus 0000:00: root bus resource [io  0x0000-0x0cf7 window]
[   24.400730] pci_bus 0000:00: root bus resource [io  0x0d00-0xffff window]
[   24.497127] pci_bus 0000:00: root bus resource [mem 0x000a0000-0x000bffff window]
[   24.554486] pci_bus 0000:00: root bus resource [mem 0xc0000000-0xfdffffff window]
[   24.606663] pci_bus 0000:00: root bus resource [bus 00-ff]
[   24.617142] pci 0000:00:01.1: legacy IDE quirk: reg 0x10: [io  0x01f0-0x01f7]
[   24.638395] pci 0000:00:01.1: legacy IDE quirk: reg 0x14: [io  0x03f6]
[   24.647657] pci 0000:00:01.1: legacy IDE quirk: reg 0x18: [io  0x0170-0x0177]
[   24.650024] pci 0000:00:01.1: legacy IDE quirk: reg 0x1c: [io  0x0376]
[   24.695918] pci 0000:00:07.0: quirk: [io  0x4000-0x403f] claimed by PIIX4 ACPI
[   24.711183] pci 0000:00:07.0: quirk: [io  0x4100-0x410f] claimed by PIIX4 SMB
[   24.773844] ACPI: PCI Interrupt Link [LNKA] (IRQs 5 9 10 *11)
[   24.794262] ACPI: PCI Interrupt Link [LNKB] (IRQs 5 9 *10 11)
[   24.818140] ACPI: PCI Interrupt Link [LNKC] (IRQs 5 *9 10 11)
[   24.824816] ACPI: PCI Interrupt Link [LNKD] (IRQs 5 9 10 *11)
[   24.830582] ACPI: Enabled 2 GPEs in block 00 to 07
[   24.852277] vgaarb: setting as boot device: PCI:0000:00:02.0
[   24.917961] vgaarb: device added: PCI:0000:00:02.0,decodes=io+mem,owns=io+mem,locks=none
[   24.999547] vgaarb: loaded
[   25.006191] vgaarb: bridge control possible 0000:00:02.0
[   25.010305] SCSI subsystem initialized
[   25.011707] ACPI: bus type USB registered
[   25.023091] usbcore: registered new interface driver usbfs
[   25.031162] usbcore: registered new interface driver hub
[   25.034888] usbcore: registered new device driver usb
[   25.042155] PCI: Using ACPI for IRQ routing
[   25.043904] NetLabel: Initializing
[   25.054070] NetLabel:  domain hash size = 128
[   25.067485] NetLabel:  protocols = UNLABELED CIPSOv4
[   25.074480] NetLabel:  unlabeled traffic allowed by default
[   25.077471] amd_nb: Cannot enumerate AMD northbridges
[   25.097673] clocksource: Switched to clocksource kvm-clock
[   5.44845] AppArmor: AppArmor Filesystem Enabled
[   25.198745] pnp: PnP ACPI init
[  250122 pp: P CP: found 3 devices

[   25.480733] clocksource: acpi_pm: mask: 0xffffff max_cycles: 0xffffff, max_idle_ns: 20851024 ns
[   25.597067] NET: Registered protocol family 2

[   25.603173] TCP established hash table entries: 32768 (order 6 214bys)
[   25.39] CPinha tlentes3268 (order: 7, 52428 bte
  6.036]CPHah abls onfigured (established 32768 bind 32768)
[   268294 UP hashtable eri: 48orr:, 53bytes)[ 27138]DPitha table enties: 204(ode: , 53 bes
[ 28601]ETRested protocol famil1  8.13] pc000:00:00.0Liti drect PI/I rafes  9.237 p 000:00:010:ctatg A A ngworkarnd

[   .928 Upakig itam..

[   32.068803] Freeing initrd memory: 10860K
[   32.125350] platform rtc_cmos: registered platform RTC device (no PNP device found)
[   32.252140] Scanning for low memory corruption every 60 seconds
[   32.328622] audit: initializing netlink subsys (disabled)
[   32.347502] audit: type=2000 audit(1525169975.600:1): initialized
[   32.399801] Initialise system trusted keyring
[   32.434981] HugeTLB registered 2 MB page size, pre-allocated 0 pages
[   32.531869] zbud: loaded
[   32.548898] VFS: Disk quotas dquot_6.6.0
[   .5955] VFSDqt-cae shtae trs:12orr  46 yt)
[  33.429] tsc: Refined TC loksurce liraon29.0 M
[   341477 cocsocets mk:xfffffffff mx_cycs: 0x2d8f51damaid_n 479684 
ÿ[  344925sqsh: rsn .020/031 Phill Lghr
[   34.149354] fuse init (API version 7.23)
[   34.149461] Key type big_key registered
[   34.149487] Allocating IMA MOK and blacklist keyrings.
[   34.149804] Key type asymmetric registered
[   34.149807] Asymmetric key parser 'x509' registered
[   34.149848] Block layer SCSI generic (bsg) driver version 0.4 loaded (major 249)
[   34.149880] io scheduler noop registered
[   34.149883] io scheduler deadline registered (default)
[   34.149909] io scheduler cfq registered
[   34.149998] pci_hotplug: PCI Hot Plug PCI Core version: 0.5
[   34.150002] pciehp: PCI Express Hot Plug Controller Driver version: 0.4
[   34.150421] ACPI: AC Adapter [AC] (on-line)
[   34.150491] input: Power Button as /devices/LNXSYSTM:00/LNXPWRBN:00/input/input0
[   34.150494] ACPI: Power Button [PWRF]
[   34.150601] input: Sleep Button as /devices/LNXSYSTM:00/LNXSLPBN:00/input/input1
[   34.150602] ACPI: Sleep Button [SLPF]
[   34.150760] GHES: HEST is not enabled!
[   34.150849] Serial: 8250/16550 driver, 32 ports, IRQ sharing enabled
[   35.295730] 00:02: ttyS0 at I/O 0x3f8 (irq = 4, base_baud = 115200) is a 16550A
[   36.014022] Linux agpgart interface v0.103
[   36.034252] loop: module loaded
[   36.034757] scsi host0: ata_piix
[   36.034804] scsi host1: ata_piix
[   36.034829] ata1: PATA max UDMA/33 cmd 0x1f0 ctl 0x3f6 bmdma 0xd000 irq 14
[   36.034830] ata2: PATA max UDMA/33 cmd 0x170 ctl 0x376 bmdma 0xd008 irq 15
[   36.034899] libphy: Fixed MDIO Bus: probed
[   36.034901] tun: Universal TUN/TAP device driver, 1.6
[   36.034902] tun: (C) 1999-2004 Max Krasnyansky <maxk@qualcomm.com>
[   36.034935] PPP generic driver version 2.4.2
[   36.034981] ehci_hcd: USB 2.0 'Enhanced' Host Controller (EHCI) Driver
[   36.034986] ehci-pci: EHCI PCI platform driver
[   36.034999] ehci-platform: EHCI generic platform driver
[   36.035007] ohci_hcd: USB 1.1 'Open' Host Controller (OHCI) Driver
[   36.035010] ohci-pci: OHCI PCI platform driver
[   36.035018] ohci-platform: OHCI generic platform driver
[   36.035024] uhci_hcd: USB Universal Host Controller Interface driver
[   36.035109] i8042: PNP: PS/2 Controller [PNP0303:PS2K,PNP0f03:PS2M] at 0x60,0x64 irq 1,12
[   36.037021] ACPI: Battery Slot [BAT0] (battery present)
[   36.059811] serio: i8042 KBD port at 0x60,0x64 irq 1
[   36.059820] serio: i8042 AUX port at 0x60,0x64 irq 12
[   36.059979] mousedev: PS/2 mouse device common for all mice
[   36.060320] rtc_cmos rtc_cmos: rtc core: registered rtc_cmos as rtc0
[   36.060372] rtc_cmos rtc_cmos: alarms up to one day, 114 bytes nvram
[   36.060378] i2c /dev entries driver
[   36.060432] device-mapper: uevent: version 1.0.3
[   36.060478] device-mapper: ioctl: 4.34.0-ioctl (2015-10-28) initialised: dm-devel@redhat.com
[   36.060495] ledtrig-cpu: registered to indicate activity on CPUs
[   36.060743] NET: Registered protocol family 10
[   36.060870] NET: Registered protocol family 17
[   36.060877] Key type dns_resolver registered
[   36.061079] registered taskstats version 1
[   36.061094] Loading compiled-in X.509 certificates
[   36.061617] Loaded X.509 cert 'Build time autogenerated kernel key: 1980cda84f1f26b64be4db6155d00e7fd6d05190'
[   36.061629] zswap: loaded using pool lzo/zbud
[   36.062985] Key type trusted registered
[   36.065053] Key type encrypted registered
[   36.065058] AppArmor: AppArmor sha1 policy hashing enabled
[   36.065061] ima: No TPM chip found, activating TPM-bypass!
[   36.065079] evm: HMAC attrs: 0x1
[   36.065492]   Magic number: 2:398:324
[   36.065510] tty tty49: hash matches
[   36.065520] acpi PNP0B00:00: hash matches
[   36.100332] rtc_cmos rtc_cmos: setting system clock to 2018-05-01 10:19:56 UTC (1525169996)
[   36.100464] BIOS EDD facility v0.16 2004-Jun-25, 0 devices found
[   36.100465] EDD information not available.
[   36.382036] input: AT Translated Set 2 keyboard as /devices/platform/i8042/serio0/input/input2
[   38.449357] Freeing unused kernel memory: 1508K
[   38.506488] Write protecting the kernel read-only data: 14336k
[   38.588123] Freeing unused kernel memory: 1696K
[   38.646774] Freeing unused kernel memory: 100K
Loading, please [   38.697516] random: systemd-udevd: uninitialized urandom read (16 bytes read, 7 bits of entropy available)
wait...
startin[   38.698153] random: udevadm: uninitialized urandom read (16 bytes read, 7 bits of entropy available)
g version 229
[   38.698168] random: udevadm: uninitialized urandom read (16 bytes read, 7 bits of entropy available)
[   38.705276] random: udevadm: uninitialized urandom read (16 bytes read, 7 bits of entropy available)
[   38.705317] random: udevadm: uninitialized urandom read (16 bytes read, 7 bits of entropy available)
[   38.705434] random: udevadm: uninitialized urandom read (16 bytes read, 7 bits of entropy available)
[   38.705476] random: udevadm: uninitialized urandom read (16 bytes read, 7 bits of entropy available)
[   38.705518] random: udevadm: uninitialized urandom read (16 bytes read, 7 bits of entropy available)
[   38.705558] random: udevadm: uninitialized urandom read (16 bytes read, 7 bits of entropy available)
[   38.705598] random: udevadm: uninitialized urandom read (16 bytes read, 7 bits of entropy available)
[   39.412348] e1000: Intel(R) PRO/1000 Network Driver - version 7.3.21-k8-NAPI
[   39.453532] e1000: Copyright (c) 1999-2006 Intel Corporation.
[   39.493201] Fusion MPT base driver 3.04.20
[   39.517849] Copyright (c) 1999-2008 LSI Corporation
[   39.547445] Fusion MPT SPI Host driver 3.04.20
[   39.577222] AVX2 version of gcm_enc/dec engaged.
[   39.606137] AES CTR mode by8 optimization enabled
[   39.679168] input: ImExPS/2 Generic Explorer Mouse as /devices/platform/i8042/serio1/input/input4
[   40.226899] e1000 0000:00:03.0 eth0: (PCI:33MHz:32-bit) 02:c5:21:46:7d:cc
[   40.247673] e1000 0000:00:03.0 eth0: Intel(R) PRO/1000 Network Connection
[   40.868453] e1000 0000:00:08.0 eth1: (PCI:33MHz:32-bit) 08:00:27:bb:88:67
[   40.906705] e1000 0000:00:08.0 eth1: Intel(R) PRO/1000 Network Connection
[   40.954933] e1000 0000:00:08.0 enp0s8: renamed from eth1
[   40.961882] mptbase: ioc0: Initiating bringup
[   41.042337] e1000 0000:00:03.0 enp0s3: renamed from eth0
[   41.130052] ioc0: LSI53C1030 A0: Capabilities={Initiator}
[   41.858228] scsi host2: ioc0: LSI53C1030 A0, FwRev=00000000h, Ports=1, MaxQ=256, IRQ=20
[   42.821937] scsi 2:0:0:0: Direct-Access     VBOX     HARDDISK         1.0  PQ: 0 ANSI: 5
[   43.666703] scsi target2:0:0: Beginning Domain Validation
[   43.729132] scsi target2:0:0: Domain Validation skipping write tests
[   43.828546] scsi target2:0:0: Ending Domain Validation
[   43.909323] scsi target2:0:0: asynchronous
[   43.960635] scsi 2:0:1:0: Direct-Access     VBOX     HARDDISK         1.0  PQ: 0 ANSI: 5
[   44.051809] scsi target2:0:1: Beginning Domain Validation
[   44.608327] scsi target2:0:1: Domain Validation skipping write tests
[   44.687061] scsi target2:0:1: Ending Domain Validation
[   44.738387] scsi target2:0:1: asynchronous
[   45.635610] sd 2:0:0:0: Attached scsi generic sg0 type 0
[   45.663636] sd 2:0:1:0: Attached scsi generic sg1 type 0
[   45.663987] sd 2:0:0:0: [sda] 20971520 512-byte logical blocks: (10.7 GB/10.0 GiB)
[   45.741348] sd 2:0:1:0: [sdb] 20480 512-byte logical blocks: (10.5 MB/10.0 MiB)
[   45.856848] sd 2:0:0:0: [sda] Write Protect is off
[   45.859164] sd 2:0:1:0: [sdb] Write Protect is off
[   45.859287] sd 2:0:1:0: [sdb] Incomplete mode parameter data
[   45.859288] sd 2:0:1:0: [sdb] Assuming drive cache: write through
[   45.861970] sd 2:0:1:0: [sdb] Attached SCSI disk
[   46.156608] sd 2:0:0:0: [sda] Incomplete mode parameter data
[   46.198159] sd 2:0:0:0: [sda] Assuming drive cache: write through
[   46.291130]  sda: sda1
[   46.301286] sd 2:0:0:0: [sda] Attached SCSI disk
Begin: Loading e[   47.732886] md: linear personality registered for level -1
ssential drivers ... [   47.841301] md: multipath personality registered for level -4
[   47.913207] md: raid0 personality registered for level 0
[   48.039318] md: raid1 personality registered for level 1
[   48.241748] raid6: sse2x1   gen()  9947 MB/s
[   48.381753] raid6: sse2x1   xor()  8598 MB/s
[   48.511813] raid6: sse2x2   gen() 12183 MB/s
[   48.657857] raid6: sse2x2   xor()  6194 MB/s
[   48.737954] raid6: sse2x4   gen()  3576 MB/s
[   48.835523] raid6: sse2x4   xor() 10569 MB/s
[   48.913818] raid6: avx2x1   gen() 17995 MB/s
[   48.995980] raid6: avx2x2   gen() 22168 MB/s
[   49.094091] raid6: avx2x4   gen() 24173 MB/s
[   49.104992] raid6: using algorithm avx2x4 gen() 24173 MB/s
[   49.108047] raid6: using avx2x2 recovery algorithm
[   49.119529] xor: automatically using best checksumming function:
[   49.237742]    avx       : 18118.000 MB/sec
[   49.321006] async_tx: api initialized (async)
[   49.351428] md: raid6 personality registered for level 6
[   49.454769] md: raid5 personality registered for level 5
[   49.510236] md: raid4 personality registered for level 4
[   49.599826] md: raid10 personality registered for level 10
done.
Begin: Running /scripts/init-premount ... done.
Begin: Mounting root file system ... Begin: Running /scripts/[   49.739712] Btrfs loaded
local-top ... done.
Begin: Running /scripts/local-premount ... Scanning for Btr[   49.854861] EXT4-fs (sda1): mounted filesystem with ordered data mode. Opts: (null)
fs filesystems
done.
Warning: fsck not present, so skipping root file system
done.
Begin: Running /scripts/local-bottom ... done.
Begin: Running /scripts/init-bottom ... done.
[   50.301659] systemd[1]: systemd 229 running in system mode. (+PAM +AUDIT +SELINUX +IMA +APPARMOR +SMACK +SYSVINIT +UTMP +LIBCRYPTSETUP +GCRYPT +GNUTLS +ACL +XZ -LZ4 +SECCOMP +BLKID +ELFUTILS +KMOD -IDN)
[   50.357774] systemd[1]: Detected virtualization oracle.
[   50.380263] systemd[1]: Detected architecture x86-64.

Welcome to [1mUbuntu 16.04.4 LTS[0m!

[   50.427229] systemd[1]: Set hostname to <wcr-vagrant-36>.
[   50.643633] random: nonblocking pool is initialized
[   50.926552] systemd[1]: Listening on Device-mapper event daemon FIFOs.
[[0;32m  OK  [0m] Listening on Device-mapper event daemon FIFOs.
[   51.078558] systemd[1]: Listening on Journal Socket.
[[0;32m  OK  [0m] Listening on Journal Socket.
[   51.124814] systemd[1]: Started Trigger resolvconf update for networkd DNS.
[[0;32m  OK  [0m] Started Trigger resolvconf update for networkd DNS.
[   51.237191] systemd[1]: Created slice System Slice.
[[0;32m  OK  [0m] Created slice System Slice.
[   51.306402] systemd[1]: Starting Create list of required static device nodes for the current kernel...
         Starting Create list of required st... nodes for the current kernel...
[   51.406539] systemd[1]: Starting Remount Root and Kernel File Systems...
[   51.426946] EXT4-fs (sda1): re-mounted. Opts: (null)
         Starting Remount Root and Kernel File Systems...
[   51.526757] systemd[1]: Listening on Journal Socket (/dev/log).
[[0;32m  OK  [0m] Listening on Journal Socket (/dev/log).
[   51.558653] systemd[1]: Listening on udev Kernel Socket.
[[0;32m  OK  [0m] Listening on udev Kernel Socket.
[   51.578693] systemd[1]: Starting Uncomplicated firewall...
         Starting Uncomplicated firewall...
[   51.654949] systemd[1]: Mounting Debug File System...
         Mounting Debug File System...
[   51.714900] systemd[1]: Listening on /dev/initctl Compatibility Named Pipe.
[[0;32m  OK  [0m] Listening on /dev/initctl Compatibility Named Pipe.
[   51.796505] systemd[1]: Listening on udev Control Socket.
[[0;32m  OK  [0m] Listening on udev Control Socket.
[   51.886974] systemd[1]: Starting Load Kernel Modules...
[   51.592]LoiniSI anor css2.0-870.
         Starting Load Kernel Mo[   52.500402] iscsi: registered transport (tcp)
dules...
[   52.537968] systemd[1]: Mounting POSIX Message Queue File System...
         Mounting POSIX Message Queue File System...
[   52.633013] systemd[1]: Listening on LVM2 poll daemon socket.
[[0;32m  OK  [[   52.652729] iscsi: registered transport (iser)
0m] Listening on LVM2 poll daemon socket.
[   52.675406] systemd[1]: Reached target Encrypted Volumes.
[[0;32m  OK  [0m] Reached target Encrypted Volumes.
[   52.710342] systemd[1]: Listening on Journal Audit Socket.
[[0;32m  OK  [0m] Listening on Journal Audit Socket.
[   52.734498] systemd[1]: Reached target System Time Synchronized.
[[0;32m  OK  [0m] Reached target System Time Synchronized.
[   52.787139] systemd[1]: Set up automount Arbitrary Executable File Formats File System Automount Point.
[[0;32m  OK  [0m] Set up automount Arbitrary Executab...ats File System Automount Point.
[   52.874433] systemd[1]: Mounting Huge Pages File System...
         Mounting Huge Pages File System...
[   52.926335] systemd[1]: Reached target User and Group Name Lookups.
[[0;32m  OK  [0m] Reached target User and Group Name Lookups.
[   52.943835] systemd[1]: Created slice User and Session Slice.
[[0;32m  OK  [0m] Created slice User and Session Slice.
[   52.966056] systemd[1]: Reached target Slices.
[[0;32m  OK  [0m] Reached target Slices.
[   52.984245] systemd[1]: Listening on Syslog Socket.
[[0;32m  OK  [0m] Listening on Syslog Socket.
[   53.038144] systemd[1]: Starting Journal Service...
         Starting Journal Service...
[   53.142859] systemd[1]: Starting Set console keymap...
         Starting Set console keymap...
[   53.190422] systemd[1]: Reached target Swap.
[[0;32m  OK  [0m] Reached target Swap.
[   53.222871] systemd[1]: Listening on LVM2 metadata daemon socket.
[[0;32m  OK  [0m] Listening on LVM2 metadata daemon socket.
[   53.251734] systemd[1]: Created slice system-serial\x2dgetty.slice.
[[0;32m  OK  [0m] Created slice system-serial\x2dgetty.slice.
[   53.290909] systemd[1]: Starting Nameserver information manager...
         Starting Nameserver information manager...
[   53.350753] systemd[1]: Started Forward Password Requests to Wall Directory Watch.
[[0;32m  OK  [0m] Started Forward Password Requests to Wall Directory Watch.
[   53.439216] systemd[1]: Starting Monitoring of LVM2 mirrors, snapshots etc. using dmeventd or progress polling...
         Starting Monitoring of LVM2 mirrors... dmeventd or progress polling...
[   53.511123] systemd[1]: Mounted Huge Pages File System.
[[0;32m  OK  [0m] Mounted Huge Pages File System.
[   53.542405] systemd[1]: Mounted Debug File System.
[[0;32m  OK  [0m] Mounted Debug File System.
[   53.607235] systemd[1]: Mounted POSIX Message Queue File System.
[[0;32m  OK  [0m] Mounted POSIX Message Queue File System.
[   53.666692] systemd[1]: Started Journal Service.
[[0;32m  OK  [0m] Started Journal Service.
[[0;32m  OK  [0m] Started Create list of required sta...ce nodes for the current kernel.
[[0;32m  OK  [0m] Started Remount Root and Kernel File Systems.
[[0;32m  OK  [0m] Started Uncomplicated firewall.
[[0;32m  OK  [0m] Started Load Kernel Modules.
[[0;32m  OK  [0m] Started Set console keymap.
[[0;32m  OK  [0m] Started Nameserver information manager.
[[0;32m  OK  [0m] Started LVM2 metadata daemon.
         Mounting FUSE Control File System...
         Starting Apply Kernel Variables...
         Starting udev Coldplug all Devices...
         Starting Load/Save Random Seed...
         Starting Initial cloud-init job (pre-networking)...
         Starting Create Static Device Nodes in /dev...
         Starting Flush Journal to Persistent Storage...
[[0;32m  OK  [0m] Mounted FUSE Control File System.
[[0;32m  OK  [0m] Started Monitoring of LVM2 mirrors,...ng dmeventd or progress polling.
[[0;32m  OK  [0m] Started Apply Kernel Variables.
[[0;32m  OK  [0m] Started Load/Save Random Seed.
[[0;32m  OK  [0m] Started Create Static Device Nodes in /dev.
[[0;32m  OK  [0m] Started udev Coldplug all Devices.
[[0;32m  OK  [0m] Started Flush Journal to Persistent Storage.
         Starting udev Kernel Device Manager...
[[0;32m  OK  [0m] Started udev Kernel Device Manager.
[[0;32m  OK  [0m] Reached target Local File Systems (Pre).
[[0;32m  OK  [0m] Reached target Local File Systems.
         Starting Set console font and keymap...
         Starting Create Volatile Files and Directories...
         Starting Tell Plymouth To Write Out Runtime Data...
         Starting LSB: AppArmor initialization...
[[0;32m  OK  [0m] Started Dispatch Password Requests to Console Directory Watch.
[[0;32m  OK  [0m] Started Create Volatile Files and Directories.
[[0;32m  OK  [0m] Started Tell Plymouth To Write Out Runtime Data.
         Starting Update UTMP about System Boot/Shutdown...
[[0;32m  OK  [0m] Found device /dev/ttyS0.
[[0;32m  OK  [0m] Started Update UTMP about System Boot/Shutdown.
[[0;32m  OK  [0m] Started LSB: AppArmor initialization.
[[0;32m  OK  [0m] Started Set console font and keymap.
[[0;32m  OK  [0m] Created slice system-getty.slice.
[[0;32m  OK  [0m] Listening on Load/Save RF Kill Switch Status /dev/rfkill Watch.
[   32.172826] cloud-init[447]: Cloud-init v. 18.2 running 'init-local' at Tue, 01 May 2018 10:20:16 +0000. Up 31.39 seconds.
[[0;32m  OK  [0m] Started Initial cloud-init job (pre-networking).
[[0;32m  OK  [0m] Found device 82540EM Gigabit Ethern...r (PRO/1000 MT Desktop Adapter).
[[0;32m  OK  [0m] Found device 82540EM Gigabit Ethern...r (PRO/1000 MT Desktop Adapter).
[[0;32m  OK  [0m] Reached target Network (Pre).
[[0;32m  OK  [0m] Started ifup for enp0s3.
[[0;32m  OK  [0m] Started ifup for enp0s8.
         Starting Raise network interfaces...
[[0;32m  OK  [0m] Started Raise network interfaces.
[[0;32m  OK  [0m] Reached target Network.
         Starting Initial cloud-init job (metadata service crawler)...
[   34.110636] cloud-init[1042]: Cloud-init v. 18.2 running 'init' at Tue, 01 May 2018 10:20:18 +0000. Up 33.70 seconds.
[   34.148751] cloud-init[1042]: ci-info: ++++++++++++++++++++++++++++++++++++++Net device info++++++++++++++++++++++++++++++++++++++
[[0;32m  OK  [0m] Started Initial cloud-init job (metadata service crawler).
[[0;32m  OK  [0m] Reached target System Initialization.
[[0;32m  OK  [0m] Listening on D-Bus System Message Bus Socket.
[   34.235577] cloud-init[1042]: ci-info: +--------+------+-----------------------------+---------------+-------+-------------------+
[   34.521687]          cloud-initStarting LXD - unix socket.[1042]: 
ci-info: | Device |  Up  |           Address           |      Mask     | Scope |     Hw-Address    |
[   34.722114]          Starting Socket activation for snappy daemon.
cloud-init[1042]: ci-info: +--------+------+-----------------------------+---------------+-------+-------------------+
[   34.828834] [cloud-init[0;32m  OK  [0m[1042]: ] ci-info: | enp0s3 | True |          10.0.2.15          | 255.255.255.0 |   .   | 02:c5:21:46:7d:cc |Started Daily apt download activities.

[[0;32m  OK  [0m] Started Daily apt upgrade and clean activities.
[[0;32m  OK  [0m] Listening on ACPID Listen Socket.
[[0;32m  OK  [0m] Started Daily Cleanup of Temporary Directories.
[   34.829733] cloud-init[1042]: ci-info: | enp0s3 | True |  fe80::c5:21ff:fe46:7dcc/64 |       .       |  link | 02:c5:21:46:7d:cc |
[   35.168823] [cloud-init[0;32m  OK  [0m[1042]: ] ci-info: | enp0s8 | True |        192.168.33.11        | 255.255.255.0 |   .   | 08:00:27:bb:88:67 |Reached target Timers.

[[0;32m  OK  [0m] Listening on UUID daemon activation socket.
[   35.169782] cloud-init[1042]: ci-info: | enp0s8 | True | fe80::a00:27ff:febb:8867/64 |       .       |  link | 08:00:27:bb:88:67 |
[   35.341188] [cloud-init[0;32m  OK  [0m] Started ACPI Events Check.
[[0;32m  OK  [0m] Reached target Paths.
[1042]: ci-info: |   lo   | True |          127.0.0.1          |   255.0.0.0   |   .   |         .         |
[   35.502300] [cloud-init[0;32m  OK  [0m[1042]: ] ci-info: |   lo   | True |           ::1/128           |       .       |  host |         .         |Reached target Cloud-config availability.

[   35.503305] [cloud-init[0;32m  OK  [0m[1042]: ] ci-info: +--------+------+-----------------------------+---------------+-------+-------------------+Reached target Network is Online.

[   35.649626]          cloud-initStarting iSCSI initiator daemon (iscsid)...[1042]: 
ci-info: ++++++++++++++++++++++++++++Route IPv4 info++++++++++++++++++++++++++++
[   35.655723] [[0;32m  OK  [0m] Listening on LXD - unix socket.
[[0;32m  OK  [0m] Listening on Socket activation for snappy daemon.
cloud-init[1042]: ci-info: +-------+--------------+----------+---------------+-----------+-------+
[   35.837050] [cloud-init[0;32m  OK  [0m[1042]: ] ci-info: | Route | Destination  | Gateway  |    Genmask    | Interface | Flags |Reached target Sockets.

[[0;32m  OK  [0m] Reached target Basic System.
[   35.939585] cloud-init[1042]: ci-info: +-------+--------------+----------+---------------+-----------+-------+
         Starting /etc/rc.local Compatibility...
[   36.064508] cloud-init[1042]: ci-info: |   0   |   0.0.0.0    | 10.0.2.2 |    0.0.0.0    |   enp0s3  |   UG  |
[   36.201062] [cloud-init[0;32m  OK  [0m[1042]: ] ci-info: |   1   |   10.0.2.0   | 0.0.0.0  | 255.255.255.0 |   enp0s3  |   U   |Started Regular background program processing daemon.

[   36.312584] [[0;32m  OK  [0m] Started Deferred execution scheduler.
cloud-init[1042]: ci-info: |   2   | 192.168.33.0 | 0.0.0.0  | 255.255.255.0 |   enp0s8  |   U   |
[   36.360409]          cloud-initStarting Login Service...[1042]: 
ci-info: +-------+--------------+----------+---------------+-----------+-------+
[[0;32m  OK  [0m] Started Unattended Upgrades Shutdown.
[[0;32m  OK  [0m] Started D-Bus System Message Bus.
[[0;32m  OK  [0m] Started FUSE filesystem for LXC.
         Starting LSB: MD monitoring daemon...
         Starting Apply the settings specified in cloud-config...
[[0;32m  OK  [0m] Started High-performance, schema-free document-oriented database.
         Starting Accounts Service...
         Starting Virtualbox guest utils...
         Starting Snappy daemon...
         Starting System Logging Service...
[[0;32m  OK  [0m] Started ACPI event daemon.
         Starting OpenBSD Secure Shell server...
         Starting Advanced key-value store...
         Starting LSB: Record successful boot for GRUB...
         Starting LXD - container startup/shutdown...
[[0;32m  OK  [0m] Started System Logging Service.
[[0;32m  OK  [0m] Started OpenBSD Secure Shell server.
[[0;32m  OK  [0m] Started iSCSI initiator daemon (iscsid).
[[0;32m  OK  [0m] Started /etc/rc.local Compatibility.
[[0;32m  OK  [0m] Started Snappy daemon.
[[0;32m  OK  [0m] Started LXD - container startup/shutdown.
[[0;32m  OK  [0m] Started Advanced key-value store.
[[0;32m  OK  [0m] Started LSB: MD monitoring daemon.
[[0;32m  OK  [0m] Started Login Service.
[[0;32m  OK  [0m] Started LSB: Record successful boot for GRUB.
         Starting Authenticate and Authorize Users to Run Privileged Tasks...
         Starting Login to default iSCSI targets...
[[0;32m  OK  [0m] Started Virtualbox guest utils.
[[0;32m  OK  [0m] Started Authenticate and Authorize Users to Run Privileged Tasks.
[[0;32m  OK  [0m] Started Accounts Service.
[[0;32m  OK  [0m] Started Login to default iSCSI targets.
[[0;32m  OK  [0m] Reached target Remote File Systems (Pre).
[[0;32m  OK  [0m] Reached target Remote File Systems.
         Starting LSB: Set the CPU Frequency Scaling governor to "ondemand"...
         Starting LSB: Starts elasticsearch...
[   37.717921] cloud-init[1120]: Cloud-init v. 18.2 running 'modules:config' at Tue, 01 May 2018 10:20:22 +0000. Up 37.33 seconds.
         Starting LSB: daemon to balance interrupts for SMP systems...
         Starting Permit User Sessions...
         Starting LSB: automatic crash report generation...
[[0;32m  OK  [0m] Started Apply the settings specified in cloud-config.
[[0;32m  OK  [0m] Started Permit User Sessions.
[[0;32m  OK  [0m] Started LSB: Set the CPU Frequency Scaling governor to "ondemand".
         Starting Hold until boot process finishes up...
         Starting Terminate Plymouth Boot Screen...
[[0;32m  OK  [0m] Started LSB: Starts elasticsearch.
[[0;32m  OK  [0m] Started LSB: daemon to balance interrupts for SMP systems.
[[0;32m  OK  [0m] Started LSB: automatic crash report generation.
[[0;32m  OK  [0m] Started Hold until boot process finishes up.
[[0;32m  OK  [0m] Started Terminate Plymouth Boot Screen.
[[0;32m  OK  [0m] Started Serial Getty on ttyS0.
[[0;32m  OK  [0m] Started Getty on tty1.
[[0;32m  OK  [0m] Reached target Login Prompts.
         Starting Set console scheme...
[[0;32m  OK  [0m] Reached target Multi-User System.
         Starting Execute cloud user/final scripts...
[[0;32m  OK  [0m] Reached target Graphical Interface.
         Starting Update UTMP about System Runlevel Changes...
[[0;32m  OK  [0m] Started Set console scheme.
[[0;32m  OK  [0m] Started Update UTMP about System Runlevel Changes.
[[0;32m  OK  [0m] Created slice User Slice of vagrant.
         Starting User Manager for UID 1000...
[[0;32m  OK  [0m] Started Session 1 of user vagrant.
[[0;32m  OK  [0m] Started User Manager for UID 1000.
[   39.416140] cloud-init[1352]: Cloud-init v. 18.2 running 'modules:final' at Tue, 01 May 2018 10:20:24 +0000. Up 39.24 seconds.
[   39.440512] cloud-init[1352]: Cloud-init v. 18.2 finished at Tue, 01 May 2018 10:20:24 +0000. Datasource DataSourceNoCloud [seed=/dev/sdb][dsmode=net].  Up 39.40 seconds
[[0;32m  OK  [0m] Started Execute cloud user/final scripts.
[[0;32m  OK  [0m] Reached target Cloud-init target.

Ubuntu 16.04.4 LTS wcr-vagrant-36 ttyS0

wcr-vagrant-36 login: 